<?xml version="1.0" encoding="UTF-8"?>
<!-- Generated by org.testng.reporters.JUnitXMLReporter -->
<testsuite hostname="DESKTOP-4J4I018" ignored="0" name="TestActivity" tests="5" failures="1" timestamp="2021-10-22T09:01:42 IST" time="27.597" errors="0">
  <testcase name="TSix" time="1.27" classname="Demo.OtherActivity"/>
  <testcase name="tSixofFour" time="0.038" classname="Demo.OtherActivity"/>
  <testcase name="tSixofThree" time="1.919" classname="Demo.OtherActivity"/>
  <testcase name="tSixofTwo" time="0.881" classname="Demo.OtherActivity"/>
  <testcase name="testCSelfkudos" time="12.48" classname="Demo.OtherActivity">
    <failure type="java.lang.AssertionError" message="expected [true] but found [false]">
      <![CDATA[java.lang.AssertionError: expected [true] but found [false]
at Demo.OtherActivity.testCSelfkudos(OtherActivity.java:185)
at java.util.ArrayList.forEach(ArrayList.java:1259)
... Removed 31 stack frames]]>
    </failure>
  </testcase> <!-- testCSelfkudos -->
</testsuite> <!-- TestActivity -->
